WARNING: The `useMongoClient` option is no longer necessary in mongoose 5.x, please remove it.
    at handleUseMongoClient (C:\Users\melan\projects\emotion\node_modules\mongoose\lib\connection.js:440:17)
    at NativeConnection.Connection.openUri (C:\Users\melan\projects\emotion\node_modules\mongoose\lib\connection.js:327:7)
    at Mongoose.connect (C:\Users\melan\projects\emotion\node_modules\mongoose\lib\index.js:207:15)
    at Object.<anonymous> (C:\Users\melan\projects\emotion\emotion.js:13:10)
    at Module._compile (module.js:570:32)
    at Object.Module._extensions..js (module.js:579:10)
    at Module.load (module.js:487:32)
    at tryModuleLoad (module.js:446:12)
    at Function.Module._load (module.js:438:3)
    at Module.runMain (module.js:604:10)
    at run (bootstrap_node.js:394:7)
    at startup (bootstrap_node.js:149:9)
    at bootstrap_node.js:509:3
[32minfo[39m: Connected
[32minfo[39m: Logged in as: 
[32minfo[39m: emotion - (417809459864272906)
MongoDB Connected...
WARNING: The `useMongoClient` option is no longer necessary in mongoose 5.x, please remove it.
    at handleUseMongoClient (C:\Users\melan\projects\emotion\node_modules\mongoose\lib\connection.js:440:17)
    at NativeConnection.Connection.openUri (C:\Users\melan\projects\emotion\node_modules\mongoose\lib\connection.js:327:7)
    at Mongoose.connect (C:\Users\melan\projects\emotion\node_modules\mongoose\lib\index.js:207:15)
    at Object.<anonymous> (C:\Users\melan\projects\emotion\emotion.js:13:10)
    at Module._compile (module.js:570:32)
    at Object.Module._extensions..js (module.js:579:10)
    at Module.load (module.js:487:32)
    at tryModuleLoad (module.js:446:12)
    at Function.Module._load (module.js:438:3)
    at Module.runMain (module.js:604:10)
    at run (bootstrap_node.js:394:7)
    at startup (bootstrap_node.js:149:9)
    at bootstrap_node.js:509:3
MongoDB Connected...
[32minfo[39m: Connected
[32minfo[39m: Logged in as: 
[32minfo[39m: emotion - (417809459864272906)
